<?xml version="1.0" encoding="UTF-8"?>
<!-- Generated by org.testng.reporters.JUnitReportReporter -->
<testsuite hostname="ASUS" failures="0" tests="2" name="api.test.UserTest" time="5.765" errors="0" timestamp="2023-11-29T22:12:07 IST" skipped="0">
  <testcase classname="api.test.UserTest" name="createUser" time="0.410"/>
  <testcase classname="api.test.UserTest" name="createUser" time="5.355"/>
</testsuite> <!-- api.test.UserTest -->
